<?xml version="1.0" encoding="UTF-8"?>
<!-- Generated by org.testng.reporters.JUnitReportReporter -->
<testsuite hostname="DESKTOP-EGG2D6A" failures="0" tests="3" name="tests.DynamicJson" time="5.712" errors="0" timestamp="11 Apr 2022 18:05:24 GMT" skipped="0">
  <testcase classname="tests.DynamicJson" name="addBook" time="0.223"/>
  <testcase classname="tests.DynamicJson" name="addBook" time="5.248"/>
  <testcase classname="tests.DynamicJson" name="addBook" time="0.241"/>
</testsuite> <!-- tests.DynamicJson -->
